{"/Users/nishantdev/Desktop/nishant/EDS/AngularProjects/project2/Backend/src/app.ts": {"path":"/Users/nishantdev/Desktop/nishant/EDS/AngularProjects/project2/Backend/src/app.ts","statementMap":{"0":{"start":{"line":1,"column":0},"end":{"line":1,"column":30}},"1":{"start":{"line":2,"column":0},"end":{"line":2,"column":65}},"2":{"start":{"line":6,"column":12},"end":{"line":6,"column":21}},"3":{"start":{"line":7,"column":13},"end":{"line":7,"column":17}},"4":{"start":{"line":10,"column":0},"end":{"line":10,"column":24}},"5":{"start":{"line":12,"column":0},"end":{"line":23,"column":3}},"6":{"start":{"line":12,"column":28},"end":{"line":23,"column":2}},"7":{"start":{"line":13,"column":2},"end":{"line":21,"column":3}},"8":{"start":{"line":14,"column":6},"end":{"line":14,"column":32}},"9":{"start":{"line":16,"column":6},"end":{"line":16,"column":44}},"10":{"start":{"line":18,"column":6},"end":{"line":18,"column":55}},"11":{"start":{"line":20,"column":6},"end":{"line":20,"column":66}},"12":{"start":{"line":22,"column":2},"end":{"line":22,"column":63}}},"fnMap":{"0":{"name":"(anonymous_8)","decl":{"start":{"line":12,"column":17},"end":{"line":12,"column":26}},"loc":{"start":{"line":12,"column":28},"end":{"line":23,"column":2}}},"1":{"name":"(anonymous_9)","decl":{"start":{"line":12,"column":28},"end":{"line":12,"column":null}},"loc":{"start":{"line":12,"column":28},"end":{"line":23,"column":1}}}},"branchMap":{},"s":{"0":0,"1":0,"2":0,"3":0,"4":0,"5":0,"6":0,"7":0,"8":0,"9":0,"10":0,"11":0,"12":0},"f":{"0":0,"1":0},"b":{}}
,"/Users/nishantdev/Desktop/nishant/EDS/AngularProjects/project2/Backend/src/config/Database.ts": {"path":"/Users/nishantdev/Desktop/nishant/EDS/AngularProjects/project2/Backend/src/config/Database.ts","statementMap":{"0":{"start":{"line":1,"column":0},"end":{"line":1,"column":38}},"1":{"start":{"line":3,"column":18},"end":{"line":11,"column":null}},"2":{"start":{"line":23,"column":9},"end":{"line":23,"column":18}},"3":{"start":{"line":14,"column":26},"end":{"line":21,"column":2}},"4":{"start":{"line":14,"column":37},"end":{"line":21,"column":2}},"5":{"start":{"line":15,"column":4},"end":{"line":20,"column":5}},"6":{"start":{"line":16,"column":8},"end":{"line":16,"column":39}},"7":{"start":{"line":17,"column":8},"end":{"line":17,"column":69}},"8":{"start":{"line":19,"column":8},"end":{"line":19,"column":67}},"9":{"start":{"line":23,"column":20},"end":{"line":23,"column":37}}},"fnMap":{"0":{"name":"(anonymous_7)","decl":{"start":{"line":14,"column":26},"end":{"line":14,"column":35}},"loc":{"start":{"line":14,"column":37},"end":{"line":21,"column":2}}},"1":{"name":"(anonymous_8)","decl":{"start":{"line":14,"column":37},"end":{"line":14,"column":null}},"loc":{"start":{"line":14,"column":37},"end":{"line":21,"column":1}}}},"branchMap":{},"s":{"0":0,"1":0,"2":0,"3":0,"4":0,"5":0,"6":0,"7":0,"8":0,"9":0},"f":{"0":0,"1":0},"b":{}}
,"/Users/nishantdev/Desktop/nishant/EDS/AngularProjects/project2/Backend/src/models/employees.ts": {"path":"/Users/nishantdev/Desktop/nishant/EDS/AngularProjects/project2/Backend/src/models/employees.ts","statementMap":{"0":{"start":{"line":1,"column":0},"end":{"line":1,"column":38}},"1":{"start":{"line":2,"column":0},"end":{"line":2,"column":47}},"2":{"start":{"line":4,"column":17},"end":{"line":68,"column":null}},"3":{"start":{"line":71,"column":0},"end":{"line":71,"column":24}}},"fnMap":{},"branchMap":{},"s":{"0":0,"1":0,"2":0,"3":0},"f":{},"b":{}}
}
